This file contains any messages produced by compilers while
running configure, to aid debugging if configure makes a mistake.

It was created by configure, which was
generated by GNU Autoconf 2.68.  Invocation command line was

  $ ./configure 

## --------- ##
## Platform. ##
## --------- ##

hostname = ubuntu
uname -m = x86_64
uname -r = 4.4.0-31-generic
uname -s = Linux
uname -v = #50~14.04.1-Ubuntu SMP Wed Jul 13 01:07:32 UTC 2016

/usr/bin/uname -p = unknown
/bin/uname -X     = unknown

/bin/arch              = unknown
/usr/bin/arch -k       = unknown
/usr/convex/getsysinfo = unknown
/usr/bin/hostinfo      = unknown
/bin/machine           = unknown
/usr/bin/oslevel       = unknown
/bin/universe          = unknown

PATH: /home/lab301/.opam/3.12.1/bin
PATH: /usr/local/sbin
PATH: /usr/local/bin
PATH: /usr/sbin
PATH: /usr/bin
PATH: /sbin
PATH: /bin
PATH: /usr/games
PATH: /usr/local/games
PATH: /home/lab301/klee/Release+Asserts/bin
PATH: /home/lab301/local/bin


## ----------- ##
## Core tests. ##
## ----------- ##

configure:2238: checking for gcc
configure:2254: found /usr/bin/gcc
configure:2265: result: gcc
configure:2494: checking for C compiler version
configure:2503: gcc --version >&5
gcc (Ubuntu 4.8.4-2ubuntu1~14.04.3) 4.8.4
Copyright (C) 2013 Free Software Foundation, Inc.
This is free software; see the source for copying conditions.  There is NO
warranty; not even for MERCHANTABILITY or FITNESS FOR A PARTICULAR PURPOSE.

configure:2514: $? = 0
configure:2503: gcc -v >&5
Using built-in specs.
COLLECT_GCC=gcc
COLLECT_LTO_WRAPPER=/usr/lib/gcc/x86_64-linux-gnu/4.8/lto-wrapper
Target: x86_64-linux-gnu
Configured with: ../src/configure -v --with-pkgversion='Ubuntu 4.8.4-2ubuntu1~14.04.3' --with-bugurl=file:///usr/share/doc/gcc-4.8/README.Bugs --enable-languages=c,c++,java,go,d,fortran,objc,obj-c++ --prefix=/usr --program-suffix=-4.8 --enable-shared --enable-linker-build-id --libexecdir=/usr/lib --without-included-gettext --enable-threads=posix --with-gxx-include-dir=/usr/include/c++/4.8 --libdir=/usr/lib --enable-nls --with-sysroot=/ --enable-clocale=gnu --enable-libstdcxx-debug --enable-libstdcxx-time=yes --enable-gnu-unique-object --disable-libmudflap --enable-plugin --with-system-zlib --disable-browser-plugin --enable-java-awt=gtk --enable-gtk-cairo --with-java-home=/usr/lib/jvm/java-1.5.0-gcj-4.8-amd64/jre --enable-java-home --with-jvm-root-dir=/usr/lib/jvm/java-1.5.0-gcj-4.8-amd64 --with-jvm-jar-dir=/usr/lib/jvm-exports/java-1.5.0-gcj-4.8-amd64 --with-arch-directory=amd64 --with-ecj-jar=/usr/share/java/eclipse-ecj.jar --enable-objc-gc --enable-multiarch --disable-werror --with-arch-32=i686 --with-abi=m64 --with-multilib-list=m32,m64,mx32 --with-tune=generic --enable-checking=release --build=x86_64-linux-gnu --host=x86_64-linux-gnu --target=x86_64-linux-gnu
Thread model: posix
gcc version 4.8.4 (Ubuntu 4.8.4-2ubuntu1~14.04.3) 
configure:2514: $? = 0
configure:2503: gcc -V >&5
gcc: error: unrecognized command line option '-V'
gcc: fatal error: no input files
compilation terminated.
configure:2514: $? = 4
configure:2503: gcc -qversion >&5
gcc: error: unrecognized command line option '-qversion'
gcc: fatal error: no input files
compilation terminated.
configure:2514: $? = 4
configure:2534: checking whether the C compiler works
configure:2556: gcc    conftest.c  >&5
configure:2560: $? = 0
configure:2608: result: yes
configure:2611: checking for C compiler default output file name
configure:2613: result: a.out
configure:2619: checking for suffix of executables
configure:2626: gcc -o conftest    conftest.c  >&5
configure:2630: $? = 0
configure:2652: result: 
configure:2674: checking whether we are cross compiling
configure:2682: gcc -o conftest    conftest.c  >&5
configure:2686: $? = 0
configure:2693: ./conftest
configure:2697: $? = 0
configure:2712: result: no
configure:2717: checking for suffix of object files
configure:2739: gcc -c   conftest.c >&5
configure:2743: $? = 0
configure:2764: result: o
configure:2768: checking whether we are using the GNU C compiler
configure:2787: gcc -c   conftest.c >&5
configure:2787: $? = 0
configure:2796: result: yes
configure:2805: checking whether gcc accepts -g
configure:2825: gcc -c -g  conftest.c >&5
configure:2825: $? = 0
configure:2866: result: yes
configure:2883: checking for gcc option to accept ISO C89
configure:2947: gcc  -c -g -O2  conftest.c >&5
configure:2947: $? = 0
configure:2960: result: none needed
configure:3024: checking for a BSD-compatible install
configure:3092: result: /usr/bin/install -c
configure:3111: checking build system type
configure:3125: result: x86_64-unknown-linux-gnu
configure:3145: checking host system type
configure:3158: result: x86_64-unknown-linux-gnu
configure:3178: checking target system type
configure:3191: result: x86_64-unknown-linux-gnu
configure:3253: checking for msvc cl.exe (optional)
configure:3269: result: not found
configure:3293: checking ocaml version is at least 3.08
configure:3310: result: version is 3.12.1, ok
configure:3334: checking existence of related ocaml tools
configure:3340: result: ok
configure:3352: checking availability of native ocaml tools versions
configure:3360: result: ok
configure:3384: checking for Perl
configure:3432: result: found version 5.018002, port linux
configure:3501: checking for gcc version
configure:3509: checking how to run the C preprocessor
configure:3540: gcc -E  conftest.c
configure:3540: $? = 0
configure:3554: gcc -E  conftest.c
conftest.c:9:28: fatal error: ac_nonexistent.h: No such file or directory
 #include <ac_nonexistent.h>
                            ^
compilation terminated.
configure:3554: $? = 1
configure: failed program was:
| /* confdefs.h */
| #define PACKAGE_NAME ""
| #define PACKAGE_TARNAME ""
| #define PACKAGE_VERSION ""
| #define PACKAGE_STRING ""
| #define PACKAGE_BUGREPORT ""
| #define PACKAGE_URL ""
| /* end confdefs.h.  */
| #include <ac_nonexistent.h>
configure:3579: result: gcc -E
configure:3599: gcc -E  conftest.c
configure:3599: $? = 0
configure:3613: gcc -E  conftest.c
conftest.c:9:28: fatal error: ac_nonexistent.h: No such file or directory
 #include <ac_nonexistent.h>
                            ^
compilation terminated.
configure:3613: $? = 1
configure: failed program was:
| /* confdefs.h */
| #define PACKAGE_NAME ""
| #define PACKAGE_TARNAME ""
| #define PACKAGE_VERSION ""
| #define PACKAGE_STRING ""
| #define PACKAGE_BUGREPORT ""
| #define PACKAGE_URL ""
| /* end confdefs.h.  */
| #include <ac_nonexistent.h>
configure:3642: checking for grep that handles long lines and -e
configure:3700: result: /bin/grep
configure:3705: checking for egrep
configure:3767: result: /bin/grep -E
configure:3772: checking for ANSI C header files
configure:3792: gcc -c -g -O2  conftest.c >&5
configure:3792: $? = 0
configure:3865: gcc -o conftest -g -O2   conftest.c  >&5
configure:3865: $? = 0
configure:3865: ./conftest
configure:3865: $? = 0
configure:3876: result: yes
configure:3889: checking for sys/types.h
configure:3889: gcc -c -g -O2  conftest.c >&5
configure:3889: $? = 0
configure:3889: result: yes
configure:3889: checking for sys/stat.h
configure:3889: gcc -c -g -O2  conftest.c >&5
configure:3889: $? = 0
configure:3889: result: yes
configure:3889: checking for stdlib.h
configure:3889: gcc -c -g -O2  conftest.c >&5
configure:3889: $? = 0
configure:3889: result: yes
configure:3889: checking for string.h
configure:3889: gcc -c -g -O2  conftest.c >&5
configure:3889: $? = 0
configure:3889: result: yes
configure:3889: checking for memory.h
configure:3889: gcc -c -g -O2  conftest.c >&5
configure:3889: $? = 0
configure:3889: result: yes
configure:3889: checking for strings.h
configure:3889: gcc -c -g -O2  conftest.c >&5
configure:3889: $? = 0
configure:3889: result: yes
configure:3889: checking for inttypes.h
configure:3889: gcc -c -g -O2  conftest.c >&5
configure:3889: $? = 0
configure:3889: result: yes
configure:3889: checking for stdint.h
configure:3889: gcc -c -g -O2  conftest.c >&5
configure:3889: $? = 0
configure:3889: result: yes
configure:3889: checking for unistd.h
configure:3889: gcc -c -g -O2  conftest.c >&5
configure:3889: $? = 0
configure:3889: result: yes
configure:3901: checking for __builtin_va_list
configure:3901: gcc -c -g -O2  conftest.c >&5
configure:3901: $? = 0
configure:3901: gcc -c -g -O2  conftest.c >&5
conftest.c: In function 'main':
conftest.c:55:32: error: expected expression before ')' token
 if (sizeof ((__builtin_va_list)))
                                ^
configure:3901: $? = 1
configure: failed program was:
| /* confdefs.h */
| #define PACKAGE_NAME ""
| #define PACKAGE_TARNAME ""
| #define PACKAGE_VERSION ""
| #define PACKAGE_STRING ""
| #define PACKAGE_BUGREPORT ""
| #define PACKAGE_URL ""
| #define STDC_HEADERS 1
| #define HAVE_SYS_TYPES_H 1
| #define HAVE_SYS_STAT_H 1
| #define HAVE_STDLIB_H 1
| #define HAVE_STRING_H 1
| #define HAVE_MEMORY_H 1
| #define HAVE_STRINGS_H 1
| #define HAVE_INTTYPES_H 1
| #define HAVE_STDINT_H 1
| #define HAVE_UNISTD_H 1
| /* end confdefs.h.  */
| #include <stdio.h>
| #ifdef HAVE_SYS_TYPES_H
| # include <sys/types.h>
| #endif
| #ifdef HAVE_SYS_STAT_H
| # include <sys/stat.h>
| #endif
| #ifdef STDC_HEADERS
| # include <stdlib.h>
| # include <stddef.h>
| #else
| # ifdef HAVE_STDLIB_H
| #  include <stdlib.h>
| # endif
| #endif
| #ifdef HAVE_STRING_H
| # if !defined STDC_HEADERS && defined HAVE_MEMORY_H
| #  include <memory.h>
| # endif
| # include <string.h>
| #endif
| #ifdef HAVE_STRINGS_H
| # include <strings.h>
| #endif
| #ifdef HAVE_INTTYPES_H
| # include <inttypes.h>
| #endif
| #ifdef HAVE_STDINT_H
| # include <stdint.h>
| #endif
| #ifdef HAVE_UNISTD_H
| # include <unistd.h>
| #endif
| int
| main ()
| {
| if (sizeof ((__builtin_va_list)))
| 	    return 0;
|   ;
|   return 0;
| }
configure:3901: result: yes
configure:3908: checking if __thread is a keyword
configure:3914: gcc -c -g -O2  conftest.c >&5
conftest.c:19:1: error: storage class specified for unnamed parameter
 int main(int __thread) { return 0; }
 ^
conftest.c: In function 'main':
conftest.c:19:1: error: parameter name omitted
configure:3914: $? = 1
configure: failed program was:
| /* confdefs.h */
| #define PACKAGE_NAME ""
| #define PACKAGE_TARNAME ""
| #define PACKAGE_VERSION ""
| #define PACKAGE_STRING ""
| #define PACKAGE_BUGREPORT ""
| #define PACKAGE_URL ""
| #define STDC_HEADERS 1
| #define HAVE_SYS_TYPES_H 1
| #define HAVE_SYS_STAT_H 1
| #define HAVE_STDLIB_H 1
| #define HAVE_STRING_H 1
| #define HAVE_MEMORY_H 1
| #define HAVE_STRINGS_H 1
| #define HAVE_INTTYPES_H 1
| #define HAVE_STDINT_H 1
| #define HAVE_UNISTD_H 1
| /* end confdefs.h.  */
| int main(int __thread) { return 0; }
configure:3920: result: true
configure:3925: checking if gcc adds underscores to assembly labels.
configure:3931: gcc -o conftest -g -O2   conftest.c  >&5
/tmp/cc5XOd5F.o: In function `main':
/home/lab301/caut/tingsucaut/cil-1.5.1/conftest.c:19: undefined reference to `_main'
collect2: error: ld returned 1 exit status
configure:3931: $? = 1
configure: failed program was:
| /* confdefs.h */
| #define PACKAGE_NAME ""
| #define PACKAGE_TARNAME ""
| #define PACKAGE_VERSION ""
| #define PACKAGE_STRING ""
| #define PACKAGE_BUGREPORT ""
| #define PACKAGE_URL ""
| #define STDC_HEADERS 1
| #define HAVE_SYS_TYPES_H 1
| #define HAVE_SYS_STAT_H 1
| #define HAVE_STDLIB_H 1
| #define HAVE_STRING_H 1
| #define HAVE_MEMORY_H 1
| #define HAVE_STRINGS_H 1
| #define HAVE_INTTYPES_H 1
| #define HAVE_STDINT_H 1
| #define HAVE_UNISTD_H 1
| /* end confdefs.h.  */
| int main() { __asm__("jmp _main"); }
configure:3938: result: false
configure:3946: checking for ANSI C header files
configure:4050: result: yes
configure:4061: checking for stdlib.h
configure:4061: result: yes
configure:4061: checking for strings.h
configure:4061: result: yes
configure:4061: checking sys/time.h usability
configure:4061: gcc -c -g -O2  conftest.c >&5
configure:4061: $? = 0
configure:4061: result: yes
configure:4061: checking sys/time.h presence
configure:4061: gcc -E  conftest.c
configure:4061: $? = 0
configure:4061: result: yes
configure:4061: checking for sys/time.h
configure:4061: result: yes
configure:4061: checking for unistd.h
configure:4061: result: yes
configure:4061: checking wchar.h usability
configure:4061: gcc -c -g -O2  conftest.c >&5
configure:4061: $? = 0
configure:4061: result: yes
configure:4061: checking wchar.h presence
configure:4061: gcc -E  conftest.c
configure:4061: $? = 0
configure:4061: result: yes
configure:4061: checking for wchar.h
configure:4061: result: yes
configure:4061: checking stdbool.h usability
configure:4061: gcc -c -g -O2  conftest.c >&5
configure:4061: $? = 0
configure:4061: result: yes
configure:4061: checking stdbool.h presence
configure:4061: gcc -E  conftest.c
configure:4061: $? = 0
configure:4061: result: yes
configure:4061: checking for stdbool.h
configure:4061: result: yes
configure:4073: checking for an ANSI C-conforming const
configure:4138: gcc -c -g -O2  conftest.c >&5
configure:4138: $? = 0
configure:4145: result: yes
configure:4153: checking for inline
configure:4169: gcc -c -g -O2  conftest.c >&5
configure:4169: $? = 0
configure:4177: result: inline
configure:4195: checking whether time.h and sys/time.h may both be included
configure:4215: gcc -c -g -O2  conftest.c >&5
configure:4215: $? = 0
configure:4222: result: yes
configure:4232: checking for working memcmp
configure:4275: gcc -o conftest -g -O2   conftest.c  >&5
configure:4275: $? = 0
configure:4275: ./conftest
configure:4275: $? = 0
configure:4285: result: yes
configure:4297: checking for mkdir
configure:4297: gcc -o conftest -g -O2   conftest.c  >&5
configure:4297: $? = 0
configure:4297: result: yes
configure:4297: checking for select
configure:4297: gcc -o conftest -g -O2   conftest.c  >&5
configure:4297: $? = 0
configure:4297: result: yes
configure:4297: checking for socket
configure:4297: gcc -o conftest -g -O2   conftest.c  >&5
configure:4297: $? = 0
configure:4297: result: yes
configure:4297: checking for __sysv_signal
configure:4297: gcc -o conftest -g -O2   conftest.c  >&5
configure:4297: $? = 0
configure:4297: result: yes
configure:4309: checking for real definition of size_t
configure:4326: gcc -c -g -O2  conftest.c >&5
conftest.c:38:8: error: conflicting types for 'foo'
 size_t foo(size_t x) { return x; }
        ^
conftest.c:37:5: note: previous declaration of 'foo' was here
 int foo(int x);
     ^
configure:4326: $? = 1
configure: failed program was:
| /* confdefs.h */
| #define PACKAGE_NAME ""
| #define PACKAGE_TARNAME ""
| #define PACKAGE_VERSION ""
| #define PACKAGE_STRING ""
| #define PACKAGE_BUGREPORT ""
| #define PACKAGE_URL ""
| #define STDC_HEADERS 1
| #define HAVE_SYS_TYPES_H 1
| #define HAVE_SYS_STAT_H 1
| #define HAVE_STDLIB_H 1
| #define HAVE_STRING_H 1
| #define HAVE_MEMORY_H 1
| #define HAVE_STRINGS_H 1
| #define HAVE_INTTYPES_H 1
| #define HAVE_STDINT_H 1
| #define HAVE_UNISTD_H 1
| #define STDC_HEADERS 1
| #define HAVE_STDLIB_H 1
| #define HAVE_STRINGS_H 1
| #define HAVE_SYS_TIME_H 1
| #define HAVE_UNISTD_H 1
| #define HAVE_WCHAR_H 1
| #define HAVE_STDBOOL_H 1
| #define TIME_WITH_SYS_TIME 1
| #define HAVE_MKDIR 1
| #define HAVE_SELECT 1
| #define HAVE_SOCKET 1
| #define HAVE___SYSV_SIGNAL 1
| /* end confdefs.h.  */
| 
| #include <stddef.h>
| #include <wchar.h>
| /* We define a prototype with one type and the function with
|    another type.  This will result in compilation error
|    unless the types are really identical. */
| int foo(int x);
| size_t foo(size_t x) { return x; }
configure:4345: gcc -c -g -O2  conftest.c >&5
conftest.c:38:8: error: conflicting types for 'foo'
 size_t foo(size_t x) { return x; }
        ^
conftest.c:37:14: note: previous declaration of 'foo' was here
 unsigned int foo(unsigned int x);
              ^
configure:4345: $? = 1
configure: failed program was:
| /* confdefs.h */
| #define PACKAGE_NAME ""
| #define PACKAGE_TARNAME ""
| #define PACKAGE_VERSION ""
| #define PACKAGE_STRING ""
| #define PACKAGE_BUGREPORT ""
| #define PACKAGE_URL ""
| #define STDC_HEADERS 1
| #define HAVE_SYS_TYPES_H 1
| #define HAVE_SYS_STAT_H 1
| #define HAVE_STDLIB_H 1
| #define HAVE_STRING_H 1
| #define HAVE_MEMORY_H 1
| #define HAVE_STRINGS_H 1
| #define HAVE_INTTYPES_H 1
| #define HAVE_STDINT_H 1
| #define HAVE_UNISTD_H 1
| #define STDC_HEADERS 1
| #define HAVE_STDLIB_H 1
| #define HAVE_STRINGS_H 1
| #define HAVE_SYS_TIME_H 1
| #define HAVE_UNISTD_H 1
| #define HAVE_WCHAR_H 1
| #define HAVE_STDBOOL_H 1
| #define TIME_WITH_SYS_TIME 1
| #define HAVE_MKDIR 1
| #define HAVE_SELECT 1
| #define HAVE_SOCKET 1
| #define HAVE___SYSV_SIGNAL 1
| /* end confdefs.h.  */
| 
| #include <stddef.h>
| #include <wchar.h>
| /* We define a prototype with one type and the function with
|    another type.  This will result in compilation error
|    unless the types are really identical. */
| unsigned int foo(unsigned int x);
| size_t foo(size_t x) { return x; }
configure:4366: gcc -c -g -O2  conftest.c >&5
conftest.c:38:8: error: conflicting types for 'foo'
 size_t foo(size_t x) { return x; }
        ^
conftest.c:37:6: note: previous declaration of 'foo' was here
 long foo(long x);
      ^
configure:4366: $? = 1
configure: failed program was:
| /* confdefs.h */
| #define PACKAGE_NAME ""
| #define PACKAGE_TARNAME ""
| #define PACKAGE_VERSION ""
| #define PACKAGE_STRING ""
| #define PACKAGE_BUGREPORT ""
| #define PACKAGE_URL ""
| #define STDC_HEADERS 1
| #define HAVE_SYS_TYPES_H 1
| #define HAVE_SYS_STAT_H 1
| #define HAVE_STDLIB_H 1
| #define HAVE_STRING_H 1
| #define HAVE_MEMORY_H 1
| #define HAVE_STRINGS_H 1
| #define HAVE_INTTYPES_H 1
| #define HAVE_STDINT_H 1
| #define HAVE_UNISTD_H 1
| #define STDC_HEADERS 1
| #define HAVE_STDLIB_H 1
| #define HAVE_STRINGS_H 1
| #define HAVE_SYS_TIME_H 1
| #define HAVE_UNISTD_H 1
| #define HAVE_WCHAR_H 1
| #define HAVE_STDBOOL_H 1
| #define TIME_WITH_SYS_TIME 1
| #define HAVE_MKDIR 1
| #define HAVE_SELECT 1
| #define HAVE_SOCKET 1
| #define HAVE___SYSV_SIGNAL 1
| /* end confdefs.h.  */
| 
| #include <stddef.h>
| #include <wchar.h>
| /* We define a prototype with one type and the function with
|    another type.  This will result in compilation error
|    unless the types are really identical. */
| long foo(long x);
| size_t foo(size_t x) { return x; }
configure:4385: gcc -c -g -O2  conftest.c >&5
configure:4385: $? = 0
configure:4480: result: unsigned long
configure:4484: checking for real definition of wchar_t
configure:4501: gcc -c -g -O2  conftest.c >&5
configure:4501: $? = 0
configure:4655: result: int
configure:4665: result: configuring for linux/x86
configure:4877: checking obj/x86_LINUX and related files
configure:4887: result: done
configure:4938: checking whether to use CIL feature blockinggraph
configure:4945: result: no
configure:4938: checking whether to use CIL feature zrapp
configure:4945: result: no
configure:4938: checking whether to use CIL feature llvm
configure:4945: result: no
configure:5198: creating ./config.status

## ---------------------- ##
## Running config.status. ##
## ---------------------- ##

This file was extended by config.status, which was
generated by GNU Autoconf 2.68.  Invocation command line was

  CONFIG_FILES    = 
  CONFIG_HEADERS  = 
  CONFIG_LINKS    = 
  CONFIG_COMMANDS = 
  $ ./config.status 

on ubuntu

config.status:868: creating Makefile
config.status:868: creating META
config.status:868: creating config.mk
config.status:868: creating bin/cilly.bat
config.status:868: creating bin/patcher.bat
config.status:868: creating bin/CilConfig.pm
config.status:868: creating doc/index.html
config.status:868: creating doc/header.html
config.status:868: creating test/llvm/Makefile
config.status:868: creating src/machdep-ml.c
config.status:868: creating config.h
config.status:1043: config.h is unchanged

## ---------------- ##
## Cache variables. ##
## ---------------- ##

ac_cv_build=x86_64-unknown-linux-gnu
ac_cv_c_compiler_gnu=yes
ac_cv_c_const=yes
ac_cv_c_inline=inline
ac_cv_env_CC_set=
ac_cv_env_CC_value=
ac_cv_env_CFLAGS_set=
ac_cv_env_CFLAGS_value=
ac_cv_env_CPPFLAGS_set=
ac_cv_env_CPPFLAGS_value=
ac_cv_env_CPP_set=
ac_cv_env_CPP_value=
ac_cv_env_LDFLAGS_set=
ac_cv_env_LDFLAGS_value=
ac_cv_env_LIBS_set=
ac_cv_env_LIBS_value=
ac_cv_env_build_alias_set=
ac_cv_env_build_alias_value=
ac_cv_env_host_alias_set=
ac_cv_env_host_alias_value=
ac_cv_env_target_alias_set=
ac_cv_env_target_alias_value=
ac_cv_func___sysv_signal=yes
ac_cv_func_memcmp_working=yes
ac_cv_func_mkdir=yes
ac_cv_func_select=yes
ac_cv_func_socket=yes
ac_cv_header_inttypes_h=yes
ac_cv_header_memory_h=yes
ac_cv_header_stdbool_h=yes
ac_cv_header_stdc=yes
ac_cv_header_stdint_h=yes
ac_cv_header_stdlib_h=yes
ac_cv_header_string_h=yes
ac_cv_header_strings_h=yes
ac_cv_header_sys_stat_h=yes
ac_cv_header_sys_time_h=yes
ac_cv_header_sys_types_h=yes
ac_cv_header_time=yes
ac_cv_header_unistd_h=yes
ac_cv_header_wchar_h=yes
ac_cv_host=x86_64-unknown-linux-gnu
ac_cv_objext=o
ac_cv_path_EGREP='/bin/grep -E'
ac_cv_path_GREP=/bin/grep
ac_cv_path_install='/usr/bin/install -c'
ac_cv_prog_CPP='gcc -E'
ac_cv_prog_ac_ct_CC=gcc
ac_cv_prog_cc_c89=
ac_cv_prog_cc_g=yes
ac_cv_target=x86_64-unknown-linux-gnu
ac_cv_type___builtin_va_list=yes

## ----------------- ##
## Output variables. ##
## ----------------- ##

ARCHOS='x86_LINUX'
CC='gcc'
CFLAGS='-g -O2'
CILHOME='/home/lab301/caut/tingsucaut/cil-1.5.1'
CIL_VERSION='1.5.1'
CIL_VERSION_MAJOR='1'
CIL_VERSION_MINOR='5'
CIL_VERSION_REV='1'
CPP='gcc -E'
CPPFLAGS=''
CYCLES_PER_USEC=''
DEFAULT_CIL_MODE='GNUCC'
DEFAULT_COMPILER='_GNUCC'
DEFS='-DHAVE_CONFIG_H'
ECHO_C=''
ECHO_N='-n'
ECHO_T=''
EGREP='/bin/grep -E'
EMUL=''
EXEEXT=''
EXTRAFEATURES=''
EXTRASRCDIRS=''
FLEXLINK=''
GREP='/bin/grep'
HAS_MSVC='no'
HAS_OCAML_NATIVE_TOOLS='1'
HAVE_BUILTIN_VA_LIST='true'
INSTALL_DATA='${INSTALL} -m 644'
INSTALL_PROGRAM='${INSTALL}'
INSTALL_SCRIPT='${INSTALL}'
LDFLAGS=''
LIBOBJS=''
LIBS=''
LTLIBOBJS=''
MINGW=''
OBJEXT='o'
PACKAGE_BUGREPORT=''
PACKAGE_NAME=''
PACKAGE_STRING=''
PACKAGE_TARNAME=''
PACKAGE_URL=''
PACKAGE_VERSION=''
PATH_SEPARATOR=':'
SHELL='/bin/bash'
THREAD_IS_KEYWORD='true'
UNDERSCORE_NAME='false'
ac_ct_CC='gcc'
bindir='${exec_prefix}/bin'
build='x86_64-unknown-linux-gnu'
build_alias=''
build_cpu='x86_64'
build_os='linux-gnu'
build_vendor='unknown'
datadir='${datarootdir}'
datarootdir='${prefix}/share'
docdir='${datarootdir}/doc/${PACKAGE}'
dvidir='${docdir}'
exec_prefix='${prefix}'
host='x86_64-unknown-linux-gnu'
host_alias=''
host_cpu='x86_64'
host_os='linux-gnu'
host_vendor='unknown'
htmldir='${docdir}'
includedir='${prefix}/include'
infodir='${datarootdir}/info'
libdir='${exec_prefix}/lib'
libexecdir='${exec_prefix}/libexec'
localedir='${datarootdir}/locale'
localstatedir='${prefix}/var'
mandir='${datarootdir}/man'
oldincludedir='/usr/include'
pdfdir='${docdir}'
prefix='/usr/local'
program_transform_name='s,x,x,'
psdir='${docdir}'
sbindir='${exec_prefix}/sbin'
sharedstatedir='${prefix}/com'
sysconfdir='${prefix}/etc'
target='x86_64-unknown-linux-gnu'
target_alias=''
target_cpu='x86_64'
target_os='linux-gnu'
target_vendor='unknown'

## ----------- ##
## confdefs.h. ##
## ----------- ##

/* confdefs.h */
#define PACKAGE_NAME ""
#define PACKAGE_TARNAME ""
#define PACKAGE_VERSION ""
#define PACKAGE_STRING ""
#define PACKAGE_BUGREPORT ""
#define PACKAGE_URL ""
#define STDC_HEADERS 1
#define HAVE_SYS_TYPES_H 1
#define HAVE_SYS_STAT_H 1
#define HAVE_STDLIB_H 1
#define HAVE_STRING_H 1
#define HAVE_MEMORY_H 1
#define HAVE_STRINGS_H 1
#define HAVE_INTTYPES_H 1
#define HAVE_STDINT_H 1
#define HAVE_UNISTD_H 1
#define STDC_HEADERS 1
#define HAVE_STDLIB_H 1
#define HAVE_STRINGS_H 1
#define HAVE_SYS_TIME_H 1
#define HAVE_UNISTD_H 1
#define HAVE_WCHAR_H 1
#define HAVE_STDBOOL_H 1
#define TIME_WITH_SYS_TIME 1
#define HAVE_MKDIR 1
#define HAVE_SELECT 1
#define HAVE_SOCKET 1
#define HAVE___SYSV_SIGNAL 1
#define TYPE_SIZE_T "unsigned long"
#define TYPE_WCHAR_T "int"

configure: exit 0

## ---------------------- ##
## Running config.status. ##
## ---------------------- ##

This file was extended by config.status, which was
generated by GNU Autoconf 2.68.  Invocation command line was

  CONFIG_FILES    = 
  CONFIG_HEADERS  = 
  CONFIG_LINKS    = 
  CONFIG_COMMANDS = 
  $ ./config.status --file=obj/x86_LINUX/cilversion.ml:src/cilversion.ml.in

on ubuntu

config.status:868: creating obj/x86_LINUX/cilversion.ml

## ---------------------- ##
## Running config.status. ##
## ---------------------- ##

This file was extended by config.status, which was
generated by GNU Autoconf 2.68.  Invocation command line was

  CONFIG_FILES    = 
  CONFIG_HEADERS  = 
  CONFIG_LINKS    = 
  CONFIG_COMMANDS = 
  $ ./config.status 

on ubuntu

config.status:868: creating Makefile
config.status:868: creating META
config.status:868: creating config.mk
config.status:868: creating bin/cilly.bat
config.status:868: creating bin/patcher.bat
config.status:868: creating bin/CilConfig.pm
config.status:868: creating doc/index.html
config.status:868: creating doc/header.html
config.status:868: creating test/llvm/Makefile
config.status:868: creating src/machdep-ml.c
config.status:868: creating config.h
config.status:1043: config.h is unchanged
